;  LST file generated by mikroListExporter - v.2.0 
; Date/Time: 23/07/2015 11:26:58 p.m.
;----------------------------------------------

;Address Opcode 	ASM
0x0000	0x29F6      	GOTO       502
_interrupt:
;Control Remoto.mbas,6 :: 		sub procedure interrupt
0x0004	0x087B      	MOVF       R11, 0
0x0005	0x0020      	MOVLB      0
0x0006	0x00A2      	MOVWF      34
0x0007	0x087C      	MOVF       R12, 0
0x0008	0x00A1      	MOVWF      33
0x0009	0x087D      	MOVF       R13, 0
0x000A	0x00A0      	MOVWF      32
;Control Remoto.mbas,8 :: 		if INTCON.0 = 1 then
0x000B	0x3180      	MOVLP      0
0x000C	0x1C0B      	BTFSS      INTCON, 0
0x000D	0x292C      	GOTO       L__interrupt2
;Control Remoto.mbas,9 :: 		if PORTA.1 = 0 then
0x000E	0x188C      	BTFSC      PORTA, 1
0x000F	0x2855      	GOTO       L__interrupt5
;Control Remoto.mbas,10 :: 		PWM1_Init(38000)
0x0010	0x101C      	BCF        T2CON, 0
0x0011	0x109C      	BCF        T2CON, 1
0x0012	0x101C      	BCF        T2CON, 0
0x0013	0x109C      	BCF        T2CON, 1
0x0014	0x30D1      	MOVLW      209
0x0015	0x009B      	MOVWF      PR2
0x0016	0x21A6      	CALL       _PWM1_Init
;Control Remoto.mbas,11 :: 		PWM1_Start()
0x0017	0x2168      	CALL       _PWM1_Start
;Control Remoto.mbas,12 :: 		PWM1_Set_Duty(127)
0x0018	0x307F      	MOVLW      127
0x0019	0x0020      	MOVLB      0
0x001A	0x00B5      	MOVWF      FARG_PWM1_Set_Duty_new_duty
0x001B	0x2170      	CALL       _PWM1_Set_Duty
;Control Remoto.mbas,13 :: 		delay_ms(100)
0x001C	0x3005      	MOVLW      5
0x001D	0x00FB      	MOVWF      R11
0x001E	0x300F      	MOVLW      15
0x001F	0x00FC      	MOVWF      R12
0x0020	0x30F1      	MOVLW      241
0x0021	0x00FD      	MOVWF      R13
L__interrupt7:
0x0022	0x0BFD      	DECFSZ     R13, 1
0x0023	0x2822      	GOTO       L__interrupt7
0x0024	0x0BFC      	DECFSZ     R12, 1
0x0025	0x2822      	GOTO       L__interrupt7
0x0026	0x0BFB      	DECFSZ     R11, 1
0x0027	0x2822      	GOTO       L__interrupt7
;Control Remoto.mbas,14 :: 		UART1_Init(1200)
0x0028	0x0023      	MOVLB      3
0x0029	0x159F      	BSF        BAUDCON, 3
0x002A	0x300A      	MOVLW      10
0x002B	0x009B      	MOVWF      SPBRG
0x002C	0x301A      	MOVLW      26
0x002D	0x009C      	MOVWF      SPBRG+1
0x002E	0x151E      	BSF        TXSTA, 2
0x002F	0x21AB      	CALL       _UART1_Init
;Control Remoto.mbas,16 :: 		delay_ms(250)
0x0030	0x300B      	MOVLW      11
0x0031	0x00FB      	MOVWF      R11
0x0032	0x3026      	MOVLW      38
0x0033	0x00FC      	MOVWF      R12
0x0034	0x305D      	MOVLW      93
0x0035	0x00FD      	MOVWF      R13
L__interrupt8:
0x0036	0x0BFD      	DECFSZ     R13, 1
0x0037	0x2836      	GOTO       L__interrupt8
0x0038	0x0BFC      	DECFSZ     R12, 1
0x0039	0x2836      	GOTO       L__interrupt8
0x003A	0x0BFB      	DECFSZ     R11, 1
0x003B	0x2836      	GOTO       L__interrupt8
0x003C	0x0000      	NOP
0x003D	0x0000      	NOP
;Control Remoto.mbas,17 :: 		UART1_Write_Text ("a")
0x003E	0x3061      	MOVLW      97
0x003F	0x0020      	MOVLB      0
0x0040	0x00B3      	MOVWF      ?LocalText_interrupt
0x0041	0x01B4      	CLRF       ?LocalText_interrupt+1
0x0042	0x3033      	MOVLW      ?LocalText_interrupt
0x0043	0x00B5      	MOVWF      FARG_UART1_Write_Text_uart_text
0x0044	0x3000      	MOVLW      hi_addr(?LocalText_interrupt)
0x0045	0x00B6      	MOVWF      FARG_UART1_Write_Text_uart_text+1
0x0046	0x21DB      	CALL       _UART1_Write_Text
;Control Remoto.mbas,18 :: 		delay_ms(200)
0x0047	0x3009      	MOVLW      9
0x0048	0x00FB      	MOVWF      R11
0x0049	0x301E      	MOVLW      30
0x004A	0x00FC      	MOVWF      R12
0x004B	0x30E4      	MOVLW      228
0x004C	0x00FD      	MOVWF      R13
L__interrupt9:
0x004D	0x0BFD      	DECFSZ     R13, 1
0x004E	0x284D      	GOTO       L__interrupt9
0x004F	0x0BFC      	DECFSZ     R12, 1
0x0050	0x284D      	GOTO       L__interrupt9
0x0051	0x0BFB      	DECFSZ     R11, 1
0x0052	0x284D      	GOTO       L__interrupt9
0x0053	0x0000      	NOP
;Control Remoto.mbas,19 :: 		reset
0x0054	0x0001      	RESET
L__interrupt5:
;Control Remoto.mbas,22 :: 		if PORTA.3 = 0 then
0x0055	0x198C      	BTFSC      PORTA, 3
0x0056	0x289C      	GOTO       L__interrupt11
;Control Remoto.mbas,23 :: 		PWM1_Init(38000)
0x0057	0x101C      	BCF        T2CON, 0
0x0058	0x109C      	BCF        T2CON, 1
0x0059	0x101C      	BCF        T2CON, 0
0x005A	0x109C      	BCF        T2CON, 1
0x005B	0x30D1      	MOVLW      209
0x005C	0x009B      	MOVWF      PR2
0x005D	0x21A6      	CALL       _PWM1_Init
;Control Remoto.mbas,24 :: 		PWM1_Start()
0x005E	0x2168      	CALL       _PWM1_Start
;Control Remoto.mbas,25 :: 		PWM1_Set_Duty(127)
0x005F	0x307F      	MOVLW      127
0x0060	0x0020      	MOVLB      0
0x0061	0x00B5      	MOVWF      FARG_PWM1_Set_Duty_new_duty
0x0062	0x2170      	CALL       _PWM1_Set_Duty
;Control Remoto.mbas,26 :: 		delay_ms(100)
0x0063	0x3005      	MOVLW      5
0x0064	0x00FB      	MOVWF      R11
0x0065	0x300F      	MOVLW      15
0x0066	0x00FC      	MOVWF      R12
0x0067	0x30F1      	MOVLW      241
0x0068	0x00FD      	MOVWF      R13
L__interrupt13:
0x0069	0x0BFD      	DECFSZ     R13, 1
0x006A	0x2869      	GOTO       L__interrupt13
0x006B	0x0BFC      	DECFSZ     R12, 1
0x006C	0x2869      	GOTO       L__interrupt13
0x006D	0x0BFB      	DECFSZ     R11, 1
0x006E	0x2869      	GOTO       L__interrupt13
;Control Remoto.mbas,27 :: 		UART1_Init(1200)
0x006F	0x0023      	MOVLB      3
0x0070	0x159F      	BSF        BAUDCON, 3
0x0071	0x300A      	MOVLW      10
0x0072	0x009B      	MOVWF      SPBRG
0x0073	0x301A      	MOVLW      26
0x0074	0x009C      	MOVWF      SPBRG+1
0x0075	0x151E      	BSF        TXSTA, 2
0x0076	0x21AB      	CALL       _UART1_Init
;Control Remoto.mbas,29 :: 		delay_ms(250)
0x0077	0x300B      	MOVLW      11
0x0078	0x00FB      	MOVWF      R11
0x0079	0x3026      	MOVLW      38
0x007A	0x00FC      	MOVWF      R12
0x007B	0x305D      	MOVLW      93
0x007C	0x00FD      	MOVWF      R13
L__interrupt14:
0x007D	0x0BFD      	DECFSZ     R13, 1
0x007E	0x287D      	GOTO       L__interrupt14
0x007F	0x0BFC      	DECFSZ     R12, 1
0x0080	0x287D      	GOTO       L__interrupt14
0x0081	0x0BFB      	DECFSZ     R11, 1
0x0082	0x287D      	GOTO       L__interrupt14
0x0083	0x0000      	NOP
0x0084	0x0000      	NOP
;Control Remoto.mbas,30 :: 		UART1_Write_Text ("b")
0x0085	0x3062      	MOVLW      98
0x0086	0x0020      	MOVLB      0
0x0087	0x00B3      	MOVWF      ?LocalText_interrupt
0x0088	0x01B4      	CLRF       ?LocalText_interrupt+1
0x0089	0x3033      	MOVLW      ?LocalText_interrupt
0x008A	0x00B5      	MOVWF      FARG_UART1_Write_Text_uart_text
0x008B	0x3000      	MOVLW      hi_addr(?LocalText_interrupt)
0x008C	0x00B6      	MOVWF      FARG_UART1_Write_Text_uart_text+1
0x008D	0x21DB      	CALL       _UART1_Write_Text
;Control Remoto.mbas,31 :: 		delay_ms(200)
0x008E	0x3009      	MOVLW      9
0x008F	0x00FB      	MOVWF      R11
0x0090	0x301E      	MOVLW      30
0x0091	0x00FC      	MOVWF      R12
0x0092	0x30E4      	MOVLW      228
0x0093	0x00FD      	MOVWF      R13
L__interrupt15:
0x0094	0x0BFD      	DECFSZ     R13, 1
0x0095	0x2894      	GOTO       L__interrupt15
0x0096	0x0BFC      	DECFSZ     R12, 1
0x0097	0x2894      	GOTO       L__interrupt15
0x0098	0x0BFB      	DECFSZ     R11, 1
0x0099	0x2894      	GOTO       L__interrupt15
0x009A	0x0000      	NOP
;Control Remoto.mbas,32 :: 		reset
0x009B	0x0001      	RESET
L__interrupt11:
;Control Remoto.mbas,35 :: 		if PORTA.4 = 0 then
0x009C	0x1A0C      	BTFSC      PORTA, 4
0x009D	0x28E3      	GOTO       L__interrupt17
;Control Remoto.mbas,36 :: 		PWM1_Init(38000)
0x009E	0x101C      	BCF        T2CON, 0
0x009F	0x109C      	BCF        T2CON, 1
0x00A0	0x101C      	BCF        T2CON, 0
0x00A1	0x109C      	BCF        T2CON, 1
0x00A2	0x30D1      	MOVLW      209
0x00A3	0x009B      	MOVWF      PR2
0x00A4	0x21A6      	CALL       _PWM1_Init
;Control Remoto.mbas,37 :: 		PWM1_Start()
0x00A5	0x2168      	CALL       _PWM1_Start
;Control Remoto.mbas,38 :: 		PWM1_Set_Duty(127)
0x00A6	0x307F      	MOVLW      127
0x00A7	0x0020      	MOVLB      0
0x00A8	0x00B5      	MOVWF      FARG_PWM1_Set_Duty_new_duty
0x00A9	0x2170      	CALL       _PWM1_Set_Duty
;Control Remoto.mbas,39 :: 		delay_ms(100)
0x00AA	0x3005      	MOVLW      5
0x00AB	0x00FB      	MOVWF      R11
0x00AC	0x300F      	MOVLW      15
0x00AD	0x00FC      	MOVWF      R12
0x00AE	0x30F1      	MOVLW      241
0x00AF	0x00FD      	MOVWF      R13
L__interrupt19:
0x00B0	0x0BFD      	DECFSZ     R13, 1
0x00B1	0x28B0      	GOTO       L__interrupt19
0x00B2	0x0BFC      	DECFSZ     R12, 1
0x00B3	0x28B0      	GOTO       L__interrupt19
0x00B4	0x0BFB      	DECFSZ     R11, 1
0x00B5	0x28B0      	GOTO       L__interrupt19
;Control Remoto.mbas,40 :: 		UART1_Init(1200)
0x00B6	0x0023      	MOVLB      3
0x00B7	0x159F      	BSF        BAUDCON, 3
0x00B8	0x300A      	MOVLW      10
0x00B9	0x009B      	MOVWF      SPBRG
0x00BA	0x301A      	MOVLW      26
0x00BB	0x009C      	MOVWF      SPBRG+1
0x00BC	0x151E      	BSF        TXSTA, 2
0x00BD	0x21AB      	CALL       _UART1_Init
;Control Remoto.mbas,42 :: 		delay_ms(250)
0x00BE	0x300B      	MOVLW      11
0x00BF	0x00FB      	MOVWF      R11
0x00C0	0x3026      	MOVLW      38
0x00C1	0x00FC      	MOVWF      R12
0x00C2	0x305D      	MOVLW      93
0x00C3	0x00FD      	MOVWF      R13
L__interrupt20:
0x00C4	0x0BFD      	DECFSZ     R13, 1
0x00C5	0x28C4      	GOTO       L__interrupt20
0x00C6	0x0BFC      	DECFSZ     R12, 1
0x00C7	0x28C4      	GOTO       L__interrupt20
0x00C8	0x0BFB      	DECFSZ     R11, 1
0x00C9	0x28C4      	GOTO       L__interrupt20
0x00CA	0x0000      	NOP
0x00CB	0x0000      	NOP
;Control Remoto.mbas,43 :: 		UART1_Write_Text ("c")
0x00CC	0x3063      	MOVLW      99
0x00CD	0x0020      	MOVLB      0
0x00CE	0x00B3      	MOVWF      ?LocalText_interrupt
0x00CF	0x01B4      	CLRF       ?LocalText_interrupt+1
0x00D0	0x3033      	MOVLW      ?LocalText_interrupt
0x00D1	0x00B5      	MOVWF      FARG_UART1_Write_Text_uart_text
0x00D2	0x3000      	MOVLW      hi_addr(?LocalText_interrupt)
0x00D3	0x00B6      	MOVWF      FARG_UART1_Write_Text_uart_text+1
0x00D4	0x21DB      	CALL       _UART1_Write_Text
;Control Remoto.mbas,44 :: 		delay_ms(200)
0x00D5	0x3009      	MOVLW      9
0x00D6	0x00FB      	MOVWF      R11
0x00D7	0x301E      	MOVLW      30
0x00D8	0x00FC      	MOVWF      R12
0x00D9	0x30E4      	MOVLW      228
0x00DA	0x00FD      	MOVWF      R13
L__interrupt21:
0x00DB	0x0BFD      	DECFSZ     R13, 1
0x00DC	0x28DB      	GOTO       L__interrupt21
0x00DD	0x0BFC      	DECFSZ     R12, 1
0x00DE	0x28DB      	GOTO       L__interrupt21
0x00DF	0x0BFB      	DECFSZ     R11, 1
0x00E0	0x28DB      	GOTO       L__interrupt21
0x00E1	0x0000      	NOP
;Control Remoto.mbas,45 :: 		reset
0x00E2	0x0001      	RESET
L__interrupt17:
;Control Remoto.mbas,48 :: 		if PORTA.5 = 0 then
0x00E3	0x1A8C      	BTFSC      PORTA, 5
0x00E4	0x292A      	GOTO       L__interrupt23
;Control Remoto.mbas,49 :: 		PWM1_Init(38000)
0x00E5	0x101C      	BCF        T2CON, 0
0x00E6	0x109C      	BCF        T2CON, 1
0x00E7	0x101C      	BCF        T2CON, 0
0x00E8	0x109C      	BCF        T2CON, 1
0x00E9	0x30D1      	MOVLW      209
0x00EA	0x009B      	MOVWF      PR2
0x00EB	0x21A6      	CALL       _PWM1_Init
;Control Remoto.mbas,50 :: 		PWM1_Start()
0x00EC	0x2168      	CALL       _PWM1_Start
;Control Remoto.mbas,51 :: 		PWM1_Set_Duty(127)
0x00ED	0x307F      	MOVLW      127
0x00EE	0x0020      	MOVLB      0
0x00EF	0x00B5      	MOVWF      FARG_PWM1_Set_Duty_new_duty
0x00F0	0x2170      	CALL       _PWM1_Set_Duty
;Control Remoto.mbas,52 :: 		delay_ms(100)
0x00F1	0x3005      	MOVLW      5
0x00F2	0x00FB      	MOVWF      R11
0x00F3	0x300F      	MOVLW      15
0x00F4	0x00FC      	MOVWF      R12
0x00F5	0x30F1      	MOVLW      241
0x00F6	0x00FD      	MOVWF      R13
L__interrupt25:
0x00F7	0x0BFD      	DECFSZ     R13, 1
0x00F8	0x28F7      	GOTO       L__interrupt25
0x00F9	0x0BFC      	DECFSZ     R12, 1
0x00FA	0x28F7      	GOTO       L__interrupt25
0x00FB	0x0BFB      	DECFSZ     R11, 1
0x00FC	0x28F7      	GOTO       L__interrupt25
;Control Remoto.mbas,53 :: 		UART1_Init(1200)
0x00FD	0x0023      	MOVLB      3
0x00FE	0x159F      	BSF        BAUDCON, 3
0x00FF	0x300A      	MOVLW      10
0x0100	0x009B      	MOVWF      SPBRG
0x0101	0x301A      	MOVLW      26
0x0102	0x009C      	MOVWF      SPBRG+1
0x0103	0x151E      	BSF        TXSTA, 2
0x0104	0x21AB      	CALL       _UART1_Init
;Control Remoto.mbas,55 :: 		delay_ms(250)
0x0105	0x300B      	MOVLW      11
0x0106	0x00FB      	MOVWF      R11
0x0107	0x3026      	MOVLW      38
0x0108	0x00FC      	MOVWF      R12
0x0109	0x305D      	MOVLW      93
0x010A	0x00FD      	MOVWF      R13
L__interrupt26:
0x010B	0x0BFD      	DECFSZ     R13, 1
0x010C	0x290B      	GOTO       L__interrupt26
0x010D	0x0BFC      	DECFSZ     R12, 1
0x010E	0x290B      	GOTO       L__interrupt26
0x010F	0x0BFB      	DECFSZ     R11, 1
0x0110	0x290B      	GOTO       L__interrupt26
0x0111	0x0000      	NOP
0x0112	0x0000      	NOP
;Control Remoto.mbas,56 :: 		UART1_Write_Text ("d")
0x0113	0x3064      	MOVLW      100
0x0114	0x0020      	MOVLB      0
0x0115	0x00B3      	MOVWF      ?LocalText_interrupt
0x0116	0x01B4      	CLRF       ?LocalText_interrupt+1
0x0117	0x3033      	MOVLW      ?LocalText_interrupt
0x0118	0x00B5      	MOVWF      FARG_UART1_Write_Text_uart_text
0x0119	0x3000      	MOVLW      hi_addr(?LocalText_interrupt)
0x011A	0x00B6      	MOVWF      FARG_UART1_Write_Text_uart_text+1
0x011B	0x21DB      	CALL       _UART1_Write_Text
;Control Remoto.mbas,57 :: 		delay_ms(200)
0x011C	0x3009      	MOVLW      9
0x011D	0x00FB      	MOVWF      R11
0x011E	0x301E      	MOVLW      30
0x011F	0x00FC      	MOVWF      R12
0x0120	0x30E4      	MOVLW      228
0x0121	0x00FD      	MOVWF      R13
L__interrupt27:
0x0122	0x0BFD      	DECFSZ     R13, 1
0x0123	0x2922      	GOTO       L__interrupt27
0x0124	0x0BFC      	DECFSZ     R12, 1
0x0125	0x2922      	GOTO       L__interrupt27
0x0126	0x0BFB      	DECFSZ     R11, 1
0x0127	0x2922      	GOTO       L__interrupt27
0x0128	0x0000      	NOP
;Control Remoto.mbas,58 :: 		reset
0x0129	0x0001      	RESET
L__interrupt23:
;Control Remoto.mbas,61 :: 		IOCAF = %00000000
0x012A	0x0027      	MOVLB      7
0x012B	0x0193      	CLRF       IOCAF
L__interrupt2:
;Control Remoto.mbas,64 :: 		end sub
L_end_interrupt:
L__interrupt32:
0x012C	0x0020      	MOVLB      0
0x012D	0x0822      	MOVF       34, 0
0x012E	0x00FB      	MOVWF      R11
0x012F	0x0821      	MOVF       33, 0
0x0130	0x00FC      	MOVWF      R12
0x0131	0x0820      	MOVF       32, 0
0x0132	0x00FD      	MOVWF      R13
0x0133	0x0009      	RETFIE     %s
; end of _interrupt
_UART1_Write:
;__Lib_UART_a01.mpas,75 :: 		
;__Lib_UART_a01.mpas,76 :: 		
L__UART1_Write14:
0x0134	0x0023      	MOVLB      3
0x0135	0x189E      	BTFSC      TXSTA, 1
0x0136	0x2939      	GOTO       L__UART1_Write15
0x0137	0x0000      	NOP
0x0138	0x2934      	GOTO       L__UART1_Write14
L__UART1_Write15:
;__Lib_UART_a01.mpas,77 :: 		
0x0139	0x0020      	MOVLB      0
0x013A	0x0839      	MOVF       FARG_UART1_Write_data_, 0
0x013B	0x0023      	MOVLB      3
0x013C	0x009A      	MOVWF      TXREG
;__Lib_UART_a01.mpas,78 :: 		
L_end_UART1_Write:
0x013D	0x0008      	RETURN
; end of _UART1_Write
_Mul_16x16_U:
;__Lib_Math.mpas,122 :: 		
;__Lib_Math.mpas,130 :: 		
0x013E	0x0020      	MOVLB      0
;__Lib_Math.mpas,131 :: 		
0x013F	0x01FB      	CLRF       R11
;__Lib_Math.mpas,132 :: 		
0x0140	0x01FA      	CLRF       R10
;__Lib_Math.mpas,133 :: 		
0x0141	0x01F9      	CLRF       R9
;__Lib_Math.mpas,134 :: 		
0x0142	0x3080      	MOVLW      128
;__Lib_Math.mpas,135 :: 		
0x0143	0x00F8      	MOVWF      R8
;__Lib_Math.mpas,136 :: 		
0x0144	0x0CF1      	RRF        R1, 1
;__Lib_Math.mpas,137 :: 		
0x0145	0x0CF0      	RRF        R0, 1
;__Lib_Math.mpas,138 :: 		
0x0146	0x1C03      	BTFSS      STATUS, 0
;__Lib_Math.mpas,139 :: 		
0x0147	0x2951      	GOTO       $+10
;__Lib_Math.mpas,140 :: 		
0x0148	0x0874      	MOVF       R4, 0
;__Lib_Math.mpas,141 :: 		
0x0149	0x07F9      	ADDWF      R9, 1
;__Lib_Math.mpas,142 :: 		
0x014A	0x0875      	MOVF       R5, 0
;__Lib_Math.mpas,143 :: 		
0x014B	0x1803      	BTFSC      STATUS, 0
;__Lib_Math.mpas,144 :: 		
0x014C	0x0F75      	INCFSZ     R5, 0
;__Lib_Math.mpas,145 :: 		
0x014D	0x07FA      	ADDWF      R10, 1
;__Lib_Math.mpas,146 :: 		
0x014E	0x1803      	BTFSC      STATUS, 0
;__Lib_Math.mpas,147 :: 		
0x014F	0x0AFB      	INCF       R11, 1
;__Lib_Math.mpas,148 :: 		
0x0150	0x1003      	BCF        STATUS, 0
;__Lib_Math.mpas,149 :: 		
0x0151	0x1FF0      	BTFSS      R0, 7
;__Lib_Math.mpas,150 :: 		
0x0152	0x2959      	GOTO       $+7
;__Lib_Math.mpas,151 :: 		
0x0153	0x0874      	MOVF       R4, 0
;__Lib_Math.mpas,152 :: 		
0x0154	0x07FA      	ADDWF      R10, 1
;__Lib_Math.mpas,153 :: 		
0x0155	0x0875      	MOVF       R5, 0
;__Lib_Math.mpas,154 :: 		
0x0156	0x1803      	BTFSC      STATUS, 0
;__Lib_Math.mpas,155 :: 		
0x0157	0x0F75      	INCFSZ     R5, 0
;__Lib_Math.mpas,156 :: 		
0x0158	0x07FB      	ADDWF      R11, 1
;__Lib_Math.mpas,157 :: 		
0x0159	0x0CFB      	RRF        R11, 1
;__Lib_Math.mpas,158 :: 		
0x015A	0x0CFA      	RRF        R10, 1
;__Lib_Math.mpas,159 :: 		
0x015B	0x0CF9      	RRF        R9, 1
;__Lib_Math.mpas,160 :: 		
0x015C	0x0CF8      	RRF        R8, 1
;__Lib_Math.mpas,161 :: 		
0x015D	0x1C03      	BTFSS      STATUS, 0
;__Lib_Math.mpas,162 :: 		
0x015E	0x2944      	GOTO       $-26
;__Lib_Math.mpas,163 :: 		
0x015F	0x087B      	MOVF       R11, 0
;__Lib_Math.mpas,164 :: 		
0x0160	0x00F3      	MOVWF      R3
;__Lib_Math.mpas,165 :: 		
0x0161	0x087A      	MOVF       R10, 0
;__Lib_Math.mpas,166 :: 		
0x0162	0x00F2      	MOVWF      R2
;__Lib_Math.mpas,167 :: 		
0x0163	0x0879      	MOVF       R9, 0
;__Lib_Math.mpas,168 :: 		
0x0164	0x00F1      	MOVWF      R1
;__Lib_Math.mpas,169 :: 		
0x0165	0x0878      	MOVF       R8, 0
;__Lib_Math.mpas,170 :: 		
0x0166	0x00F0      	MOVWF      R0
;__Lib_Math.mpas,172 :: 		
L_end_Mul_16x16_U:
0x0167	0x0008      	RETURN
; end of _Mul_16x16_U
_PWM1_Start:
;__Lib_PWM_a2.mpas,30 :: 		
;__Lib_PWM_a2.mpas,31 :: 		
0x0168	0x0021      	MOVLB      1
0x0169	0x110C      	BCF        TRISA2_bit, BitPos(TRISA2_bit+0)
;__Lib_PWM_a2.mpas,32 :: 		
0x016A	0x0020      	MOVLB      0
0x016B	0x151C      	BSF        T2CON, 2
;__Lib_PWM_a2.mpas,33 :: 		
0x016C	0x300C      	MOVLW      12
0x016D	0x0025      	MOVLB      5
0x016E	0x0493      	IORWF       CCP1CON, 1
;__Lib_PWM_a2.mpas,34 :: 		
L_end_PWM1_Start:
0x016F	0x0008      	RETURN
; end of _PWM1_Start
_PWM1_Set_Duty:
;__Lib_PWM_a2.mpas,21 :: 		
;__Lib_PWM_a2.mpas,22 :: 		
0x0170	0x3001      	MOVLW      1
0x0171	0x00F0      	MOVWF      R0
0x0172	0x01F1      	CLRF       R1
0x0173	0x0020      	MOVLB      0
0x0174	0x081B      	MOVF       PR2, 0
0x0175	0x07F0      	ADDWF      R0, 1
0x0176	0x1803      	BTFSC      STATUS, 0
0x0177	0x0AF1      	INCF       R1, 1
0x0178	0x0835      	MOVF       FARG_PWM1_Set_Duty_new_duty, 0
0x0179	0x00F4      	MOVWF      R4
0x017A	0x01F5      	CLRF       R5
0x017B	0x213E      	CALL       _Mul_16x16_U
0x017C	0x3006      	MOVLW      6
0x017D	0x00F2      	MOVWF      R2
0x017E	0x0870      	MOVF       R0, 0
0x017F	0x00F4      	MOVWF      R4
0x0180	0x0871      	MOVF       R1, 0
0x0181	0x00F5      	MOVWF      R5
0x0182	0x0872      	MOVF       R2, 0
L__PWM1_Set_Duty6:
0x0183	0x1903      	BTFSC      STATUS, 2
0x0184	0x2989      	GOTO       L__PWM1_Set_Duty7
0x0185	0x36F5      	LSRF       R5, 1
0x0186	0x0CF4      	RRF        R4, 1
0x0187	0x3EFF      	ADDLW      255
0x0188	0x2983      	GOTO       L__PWM1_Set_Duty6
L__PWM1_Set_Duty7:
;__Lib_PWM_a2.mpas,23 :: 		
0x0189	0x3004      	MOVLW      4
0x018A	0x00F1      	MOVWF      R1
0x018B	0x0874      	MOVF       R4, 0
0x018C	0x00F0      	MOVWF      R0
0x018D	0x0871      	MOVF       R1, 0
L__PWM1_Set_Duty8:
0x018E	0x1903      	BTFSC      STATUS, 2
0x018F	0x2993      	GOTO       L__PWM1_Set_Duty9
0x0190	0x35F0      	LSLF       R0, 1
0x0191	0x3EFF      	ADDLW      255
0x0192	0x298E      	GOTO       L__PWM1_Set_Duty8
L__PWM1_Set_Duty9:
0x0193	0x3030      	MOVLW      48
0x0194	0x0570      	ANDWF      R0, 0
0x0195	0x00F3      	MOVWF      R3
;__Lib_PWM_a2.mpas,24 :: 		
0x0196	0x0874      	MOVF       R4, 0
0x0197	0x00F0      	MOVWF      R0
0x0198	0x0875      	MOVF       R5, 0
0x0199	0x00F1      	MOVWF      R1
0x019A	0x36F1      	LSRF       R1, 1
0x019B	0x0CF0      	RRF        R0, 1
0x019C	0x36F1      	LSRF       R1, 1
0x019D	0x0CF0      	RRF        R0, 1
0x019E	0x0870      	MOVF       R0, 0
0x019F	0x0025      	MOVLB      5
0x01A0	0x0091      	MOVWF      CCPR1L
;__Lib_PWM_a2.mpas,25 :: 		
0x01A1	0x300F      	MOVLW      15
0x01A2	0x0593      	ANDWF      CCP1CON, 1
;__Lib_PWM_a2.mpas,26 :: 		
0x01A3	0x0873      	MOVF       R3, 0
0x01A4	0x0493      	IORWF       CCP1CON, 1
;__Lib_PWM_a2.mpas,27 :: 		
L_end_PWM1_Set_Duty:
0x01A5	0x0008      	RETURN
; end of _PWM1_Set_Duty
_PWM1_Init:
;__Lib_PWM_a2.mpas,11 :: 		
;__Lib_PWM_a2.mpas,13 :: 		
0x01A6	0x0025      	MOVLB      5
0x01A7	0x0191      	CLRF       CCPR1L
;__Lib_PWM_a2.mpas,14 :: 		
0x01A8	0x1213      	BCF        CCP1CON, 4
;__Lib_PWM_a2.mpas,15 :: 		
0x01A9	0x1293      	BCF        CCP1CON, 5
;__Lib_PWM_a2.mpas,16 :: 		
L_end_PWM1_Init:
0x01AA	0x0008      	RETURN
; end of _PWM1_Init
_UART1_Init:
;__Lib_UART_a01.mpas,33 :: 		
;__Lib_UART_a01.mpas,35 :: 		
0x01AB	0x3034      	MOVLW      _UART1_Write
0x01AC	0x0020      	MOVLB      0
0x01AD	0x00A7      	MOVWF      _UART_Wr_Ptr
0x01AE	0x3001      	MOVLW      hi_addr(_UART1_Write)
0x01AF	0x00A8      	MOVWF      _UART_Wr_Ptr+1
0x01B0	0x3039      	MOVLW      FARG_UART1_Write_data_
0x01B1	0x00A9      	MOVWF      _UART_Wr_Ptr+2
0x01B2	0x3000      	MOVLW      hi_addr(FARG_UART1_Write_data_)
0x01B3	0x00AA      	MOVWF      _UART_Wr_Ptr+3
;__Lib_UART_a01.mpas,36 :: 		
0x01B4	0x30FF      	MOVLW      _UART1_Read
0x01B5	0x00A3      	MOVWF      _UART_Rd_Ptr
0x01B6	0x30FF      	MOVLW      hi_addr(_UART1_Read)
0x01B7	0x00A4      	MOVWF      _UART_Rd_Ptr+1
0x01B8	0x3000      	MOVLW      0
0x01B9	0x00A5      	MOVWF      _UART_Rd_Ptr+2
0x01BA	0x3000      	MOVLW      0
0x01BB	0x00A6      	MOVWF      _UART_Rd_Ptr+3
;__Lib_UART_a01.mpas,37 :: 		
0x01BC	0x30FF      	MOVLW      _UART1_Data_Ready
0x01BD	0x00AB      	MOVWF      _UART_Rdy_Ptr
0x01BE	0x30FF      	MOVLW      hi_addr(_UART1_Data_Ready)
0x01BF	0x00AC      	MOVWF      _UART_Rdy_Ptr+1
0x01C0	0x3000      	MOVLW      0
0x01C1	0x00AD      	MOVWF      _UART_Rdy_Ptr+2
0x01C2	0x3000      	MOVLW      0
0x01C3	0x00AE      	MOVWF      _UART_Rdy_Ptr+3
;__Lib_UART_a01.mpas,38 :: 		
0x01C4	0x30FF      	MOVLW      _UART1_TX_Idle
0x01C5	0x00AF      	MOVWF      _UART_TX_Idle_Ptr
0x01C6	0x30FF      	MOVLW      hi_addr(_UART1_TX_Idle)
0x01C7	0x00B0      	MOVWF      _UART_TX_Idle_Ptr+1
0x01C8	0x3000      	MOVLW      0
0x01C9	0x00B1      	MOVWF      _UART_TX_Idle_Ptr+2
0x01CA	0x3000      	MOVLW      0
0x01CB	0x00B2      	MOVWF      _UART_TX_Idle_Ptr+3
;__Lib_UART_a01.mpas,40 :: 		
0x01CC	0x0023      	MOVLB      3
0x01CD	0x169E      	BSF        TXSTA, 5
;__Lib_UART_a01.mpas,41 :: 		
0x01CE	0x3090      	MOVLW      144
0x01CF	0x009D      	MOVWF      RCSTA
;__Lib_UART_a01.mpas,42 :: 		
0x01D0	0x0021      	MOVLB      1
0x01D1	0x148C      	BSF        TRISA1_bit, BitPos(TRISA1_bit+0)
;__Lib_UART_a01.mpas,43 :: 		
0x01D2	0x100C      	BCF        TRISA0_bit, BitPos(TRISA0_bit+0)
;__Lib_UART_a01.mpas,44 :: 		
L__UART1_Init2:
0x01D3	0x0020      	MOVLB      0
0x01D4	0x1E91      	BTFSS      PIR1, 5
0x01D5	0x29DA      	GOTO       L__UART1_Init3
;__Lib_UART_a01.mpas,45 :: 		
0x01D6	0x0023      	MOVLB      3
0x01D7	0x0819      	MOVF       RCREG, 0
0x01D8	0x00F0      	MOVWF      R0
0x01D9	0x29D3      	GOTO       L__UART1_Init2
L__UART1_Init3:
;__Lib_UART_a01.mpas,46 :: 		
L_end_UART1_Init:
0x01DA	0x0008      	RETURN
; end of _UART1_Init
_UART1_Write_Text:
;__Lib_UART_a01.mpas,83 :: 		
;__Lib_UART_a01.mpas,84 :: 		
0x01DB	0x0020      	MOVLB      0
0x01DC	0x01B7      	CLRF       UART1_Write_Text_counter
;__Lib_UART_a01.mpas,85 :: 		
0x01DD	0x0835      	MOVF       FARG_UART1_Write_Text_uart_text, 0
0x01DE	0x0084      	MOVWF      FSR0
0x01DF	0x0836      	MOVF       FARG_UART1_Write_Text_uart_text+1, 0
0x01E0	0x0085      	MOVWF      FSR0H
0x01E1	0x0800      	MOVF       INDF0, 0
0x01E2	0x00B8      	MOVWF      UART1_Write_Text_data_
;__Lib_UART_a01.mpas,86 :: 		
L__UART1_Write_Text20:
0x01E3	0x0838      	MOVF       UART1_Write_Text_data_, 0
0x01E4	0x3A00      	XORLW      0
0x01E5	0x1903      	BTFSC      STATUS, 2
0x01E6	0x29F5      	GOTO       L__UART1_Write_Text21
;__Lib_UART_a01.mpas,88 :: 		
0x01E7	0x0838      	MOVF       UART1_Write_Text_data_, 0
0x01E8	0x00B9      	MOVWF      FARG_UART1_Write_data_
0x01E9	0x2134      	CALL       _UART1_Write
;__Lib_UART_a01.mpas,89 :: 		
0x01EA	0x0020      	MOVLB      0
0x01EB	0x0AB7      	INCF       UART1_Write_Text_counter, 1
;__Lib_UART_a01.mpas,90 :: 		
0x01EC	0x0837      	MOVF       UART1_Write_Text_counter, 0
0x01ED	0x0735      	ADDWF      FARG_UART1_Write_Text_uart_text, 0
0x01EE	0x0084      	MOVWF      FSR0
0x01EF	0x3000      	MOVLW      0
0x01F0	0x3D36      	ADDWFC     FARG_UART1_Write_Text_uart_text+1, 0
0x01F1	0x0085      	MOVWF      FSR0H
0x01F2	0x0800      	MOVF       INDF0, 0
0x01F3	0x00B8      	MOVWF      UART1_Write_Text_data_
;__Lib_UART_a01.mpas,91 :: 		
0x01F4	0x29E3      	GOTO       L__UART1_Write_Text20
L__UART1_Write_Text21:
;__Lib_UART_a01.mpas,92 :: 		
L_end_UART1_Write_Text:
0x01F5	0x0008      	RETURN
; end of _UART1_Write_Text
_main:
;Control Remoto.mbas,66 :: 		main:'   Main program
;Control Remoto.mbas,67 :: 		OSCCON = %11110000
0x01F6	0x30F0      	MOVLW      240
0x01F7	0x0021      	MOVLB      1
0x01F8	0x0099      	MOVWF      OSCCON
;Control Remoto.mbas,68 :: 		TRISA = %00111010
0x01F9	0x303A      	MOVLW      58
0x01FA	0x008C      	MOVWF      TRISA
;Control Remoto.mbas,69 :: 		ANSELA = %00000000
0x01FB	0x0023      	MOVLB      3
0x01FC	0x018C      	CLRF       ANSELA
;Control Remoto.mbas,70 :: 		PORTA = %00111010
0x01FD	0x303A      	MOVLW      58
0x01FE	0x0020      	MOVLB      0
0x01FF	0x008C      	MOVWF      PORTA
;Control Remoto.mbas,71 :: 		OPTION_REG.7 = 0
0x0200	0x0021      	MOVLB      1
0x0201	0x1395      	BCF        OPTION_REG, 7
;Control Remoto.mbas,72 :: 		WPUA = %00111010
0x0202	0x303A      	MOVLW      58
0x0203	0x0024      	MOVLB      4
0x0204	0x008C      	MOVWF      WPUA
;Control Remoto.mbas,74 :: 		delay_ms(50)
0x0205	0x3003      	MOVLW      3
0x0206	0x00FB      	MOVWF      R11
0x0207	0x3008      	MOVLW      8
0x0208	0x00FC      	MOVWF      R12
0x0209	0x3077      	MOVLW      119
0x020A	0x00FD      	MOVWF      R13
L__main29:
0x020B	0x0BFD      	DECFSZ     R13, 1
0x020C	0x2A0B      	GOTO       L__main29
0x020D	0x0BFC      	DECFSZ     R12, 1
0x020E	0x2A0B      	GOTO       L__main29
0x020F	0x0BFB      	DECFSZ     R11, 1
0x0210	0x2A0B      	GOTO       L__main29
;Control Remoto.mbas,76 :: 		IOCAN = %00111010
0x0211	0x303A      	MOVLW      58
0x0212	0x0027      	MOVLB      7
0x0213	0x0092      	MOVWF      IOCAN
;Control Remoto.mbas,77 :: 		IOCAF = %00000000
0x0214	0x0193      	CLRF       IOCAF
;Control Remoto.mbas,78 :: 		INTCON = %10001000
0x0215	0x3088      	MOVLW      136
0x0216	0x008B      	MOVWF      INTCON
;Control Remoto.mbas,80 :: 		inicio:
L__main_inicio:
;Control Remoto.mbas,81 :: 		sleep
0x0217	0x0063      	SLEEP
;Control Remoto.mbas,82 :: 		goto inicio
0x0218	0x2A17      	GOTO       L__main_inicio
L_end_main:
0x0219	0x2A19      	GOTO       $+0
; end of _main
Symbol List:
//** Routines locations **
//ADDRESS    SIZE    PROCEDURE
//----------------------------------------------
0x0004     [304]    _interrupt
0x0134      [10]    _UART1_Write
0x013E      [42]    _Mul_16x16_U
0x0168       [8]    _PWM1_Start
0x0170      [54]    _PWM1_Set_Duty
0x01A6       [5]    _PWM1_Init
0x01AB      [48]    _UART1_Init
0x01DB      [27]    _UART1_Write_Text
0x01F6      [36]    _main
//** Variables locations ** 
//ADDRESS    SIZE    VARIABLE
//----------------------------------------------
0x0003       [1]    STATUS
0x000B       [1]    INTCON
0x000C       [1]    PORTA
0x0011       [1]    PIR1
0x001B       [1]    PR2
0x001C       [1]    T2CON
0x0023       [4]    _UART_Rd_Ptr
0x0027       [4]    _UART_Wr_Ptr
0x002B       [4]    _UART_Rdy_Ptr
0x002F       [4]    _UART_TX_Idle_Ptr
0x0033       [2]    ?LocalText_interrupt
0x0035       [2]    FARG_UART1_Write_Text_uart_text
0x0035       [1]    FARG_PWM1_Set_Duty_new_duty
0x0035       [4]    FARG_PWM1_Init_PWM_Freq
0x0037       [1]    UART1_Write_Text_counter
0x0038       [1]    UART1_Write_Text_data_
0x0039       [1]    FARG_UART1_Write_data_
0x0070       [1]    R0
0x0071       [1]    R1
0x0072       [1]    R2
0x0073       [1]    R3
0x0074       [1]    R4
0x0075       [1]    R5
0x0076       [1]    R6
0x0077       [1]    R7
0x0078       [1]    R8
0x0079       [1]    R9
0x007A       [1]    R10
0x007B       [1]    R11
0x007C       [1]    R12
0x007D       [1]    R13
0x007E       [1]    R14
0x007F       [1]    R15
0x008C       [1]    TRISA
0x008C       [0]    TRISA0_bit
0x008C       [0]    TRISA2_bit
0x008C       [0]    TRISA1_bit
0x0095       [1]    OPTION_REG
0x0099       [1]    OSCCON
0x018C       [1]    ANSELA
0x0199       [1]    RCREG
0x019A       [1]    TXREG
0x019B       [2]    SPBRG
0x019C       [1]    SPBRGH
0x019D       [1]    RCSTA
0x019E       [1]    TXSTA
0x019F       [1]    BAUDCON
0x020C       [1]    WPUA
0x0291       [1]    CCPR1L
0x0293       [1]    CCP1CON
0x0392       [1]    IOCAN
0x0393       [1]    IOCAF
//** Label List: ** 
//----------------------------------------------
  L_end__interrupt
  L__interrupt1
  L__interrupt2
  L__interrupt3
  L__interrupt4
  L__interrupt5
  L__interrupt6
  L__interrupt7
  L__interrupt8
  L__interrupt9
  L__interrupt10
  L__interrupt11
  L__interrupt12
  L__interrupt13
  L__interrupt14
  L__interrupt15
  L__interrupt16
  L__interrupt17
  L__interrupt18
  L__interrupt19
  L__interrupt20
  L__interrupt21
  L__interrupt22
  L__interrupt23
  L__interrupt24
  L__interrupt25
  L__interrupt26
  L__interrupt27
  L_end__main
  L__main29
  L__main_inicio
  L_end_interrupt
  _interrupt
  L__interrupt32
  L_end_main
  _main
  L_end__interrupt
  L__interrupt1
  L__interrupt2
  L__interrupt3
  L__interrupt4
  L__interrupt5
  L__interrupt6
  L__interrupt7
  L__interrupt8
  L__interrupt9
  L__interrupt10
  L__interrupt11
  L__interrupt12
  L__interrupt13
  L__interrupt14
  L__interrupt15
  L__interrupt16
  L__interrupt17
  L__interrupt18
  L__interrupt19
  L__interrupt20
  L__interrupt21
  L__interrupt22
  L__interrupt23
  L__interrupt24
  L__interrupt25
  L__interrupt26
  L__interrupt27
  L_end__main
  L__main29
  L__main_inicio
  L_end_interrupt
  _interrupt
  L__interrupt32
  L_end_main
  _main
  L_end__Mul_8x8_U
  L_end__Mul_16x16_U
  L_end__Div_8x8_U
  L__Div_8x8_U3
  L__Div_8x8_U4
  L__Div_8x8_U5
  L_end__Div_16x16_U
  L_end__Mul_8x8_S
  L_end__Mul_16x16_S
  L_end__Div_16x16_S_L
  L_end__Div_16x16_S
  L__Div_16x16_S11
  L__Div_16x16_S12
  L__Div_16x16_S13
  L__Div_16x16_S14
  L__Div_16x16_S15
  L__Div_16x16_S16
  L_end__Div_8x8_S
  L_end__SDIV3232L
  LOOPS3232A
  SADD22LA
  SOK22LA
  SADD22L8
  SOK22L8
  LOOPS3232B
  SADD22LB
  SOK22LB
  SADD22L16
  SOK22L16
  LOOPS3232C
  SADD22LC
  SOK22LC
  SADD22L24
  SOK22L24
  LOOPS3232D
  SADD22LD
  SOK22LD
  SOK22L
  L_end__COMFREM
  L_end__Div_32x32_S
  L__Div_32x32_S25
  L__Div_32x32_S26
  L__Div_32x32_S27
  L__Div_32x32_S28
  L__Div_32x32_S29
  L__Div_32x32_S30
  L__Div_32x32_S31
  L__Div_32x32_S32
  L__Div_32x32_S33
  L__Div_32x32_S34
  L__Div_32x32_S35
  L__Div_32x32_S36
  FXD3232S
  END_ALL
  CA3232S
  C3232SX
  C3232SX1
  C3232S
  C3232S2
  C3232SX4
  C3232SOK
  C3232SX3
  C3232SX2
  avoid_comfrem
  L_end__Div_32x32_U
  LOOPU3232A
  UADD22LA
  UOK22LA
  UADD22L8
  UOK22L8
  LOOPU3232B
  UADD22LB
  UOK22LB
  UADD22L16
  UOK22L16
  LOOPU3232C
  UADD22LC
  UOK22LC
  UADD22L24
  UOK22L24
  LOOPU3232D
  UADD22LD
  UOK22LD
  UOK22L
  L_end__Mul_32x32_U
  _NEXT
  _EXIT2
  _LOOP
  _EXIT1
  L_end__Mul_32x32_S
  _IF_FIRST
  _IF_SECOND
  _INVERCE_FIRST
  _MULT
  _INBERSE_SECOND
  _EXIT
  L_end_Mul_8x8_U
  _Mul_8x8_U
  L_end_Mul_16x16_U
  _Mul_16x16_U
  L_end_Div_8x8_U
  _Div_8x8_U
  L_end_Div_16x16_U
  _Div_16x16_U
  L_end_Mul_8x8_S
  _Mul_8x8_S
  L_end_Mul_16x16_S
  _Mul_16x16_S
  L_end_Div_16x16_S_L
  _Div_16x16_S_L
  L_end_Div_16x16_S
  _Div_16x16_S
  L_end_Div_8x8_S
  _Div_8x8_S
  L_end_SDIV3232L
  _SDIV3232L
  L_end_COMFREM
  _COMFREM
  L_end_Div_32x32_S
  _Div_32x32_S
  L_end_Div_32x32_U
  _Div_32x32_U
  L_end_Mul_32x32_U
  _Mul_32x32_U
  L_end_Mul_32x32_S
  _Mul_32x32_S
  L_end__PWM1_Init
  L_end__PWM1_Set_Duty
  L_end__PWM1_Start
  L_end__PWM1_Stop
  L_end_PWM1_Init
  _PWM1_Init
  L_end_PWM1_Set_Duty
  _PWM1_Set_Duty
  L__PWM1_Set_Duty6
  L__PWM1_Set_Duty7
  L__PWM1_Set_Duty8
  L__PWM1_Set_Duty9
  L_end_PWM1_Start
  _PWM1_Start
  L_end_PWM1_Stop
  _PWM1_Stop
  L_end__UART1_Init
  L__UART1_Init1
  L__UART1_Init2
  L__UART1_Init3
  L__UART1_Init4
  L__UART1_Init5
  L_end__UART1_Data_Ready
  L_end__UART1_Read
  L__UART1_Read8
  L__UART1_Read9
  L__UART1_Read10
  L_end__UART1_TX_Idle
  L_end__UART1_Write
  L__UART1_Write13
  L__UART1_Write14
  L__UART1_Write15
  L__UART1_Write16
  L__UART1_Write17
  L_end__UART1_Write_Text
  L__UART1_Write_Text19
  L__UART1_Write_Text20
  L__UART1_Write_Text21
  L__UART1_Write_Text22
  L__UART1_Write_Text23
  L_end__UART1_Read_Text
  L__UART1_Read_Text25
  L__UART1_Read_Text26
  L__UART1_Read_Text27
  L__UART1_Read_Text28
  L__UART1_Read_Text29
  L__UART1_Read_Text30
  L__UART1_Read_Text31
  L__UART1_Read_Text32
  L__UART1_Read_Text33
  L__UART1_Read_Text34
  L__UART1_Read_Text35
  L__UART1_Read_Text36
  L__UART1_Read_Text37
  L__UART1_Read_Text38
  L__UART1_Read_Text39
  L__UART1_Read_Text40
  L__UART1_Read_Text41
  L__UART1_Read_Text42
  L__UART1_Read_Text43
  L__UART1_Read_Text44
  L__UART1_Read_Text45
  L__UART1_Read_Text46
  L_end__UART_Set_Active
  L_end__UART_Write
  L_end__UART_Data_Ready
  L_end__UART_Read
  L_end__UART_TX_Idle
  L_end__UART_Write_Text
  L__UART_Write_Text53
  L__UART_Write_Text54
  L__UART_Write_Text55
  L__UART_Write_Text56
  L__UART_Write_Text57
  L_end__UART_Read_Text
  L__UART_Read_Text59
  L__UART_Read_Text60
  L__UART_Read_Text61
  L__UART_Read_Text62
  L__UART_Read_Text63
  L__UART_Read_Text64
  L__UART_Read_Text65
  L__UART_Read_Text66
  L__UART_Read_Text67
  L__UART_Read_Text68
  L__UART_Read_Text69
  L__UART_Read_Text70
  L__UART_Read_Text71
  L__UART_Read_Text72
  L__UART_Read_Text73
  L__UART_Read_Text74
  L__UART_Read_Text75
  L__UART_Read_Text76
  L__UART_Read_Text77
  L__UART_Read_Text78
  L__UART_Read_Text79
  L__UART_Read_Text80
  L_end_UART1_Init
  _UART1_Init
  L_end_UART1_Data_Ready
  _UART1_Data_Ready
  L_end_UART1_Read
  _UART1_Read
  L_end_UART1_TX_Idle
  _UART1_TX_Idle
  L_end_UART1_Write
  _UART1_Write
  L_end_UART1_Write_Text
  _UART1_Write_Text
  L_end_UART1_Read_Text
  _UART1_Read_Text
  L_end_UART_Set_Active
  _UART_Set_Active
  L_end_UART_Write
  _UART_Write
  L_end_UART_Data_Ready
  _UART_Data_Ready
  L_end_UART_Read
  _UART_Read
  L_end_UART_TX_Idle
  _UART_TX_Idle
  L_end_UART_Write_Text
  _UART_Write_Text
  L_end_UART_Read_Text
  _UART_Read_Text
